<?xml version="1.0" encoding="UTF-8"?>
<!-- Generated by org.testng.reporters.JUnitReportReporter -->
<testsuite hostname="dattu-PC" name="com.dattu.Project.Automations.Tc001" tests="3" failures="0" timestamp="29 Sep 2018 13:16:22 GMT" time="54.119" errors="0">
  <testcase name="test2" time="47.647" classname="com.dattu.Project.Automations.Tc001"/>
  <testcase name="test3" time="0.586" classname="com.dattu.Project.Automations.Tc001"/>
  <testcase name="test1" time="5.886" classname="com.dattu.Project.Automations.Tc001"/>
</testsuite> <!-- com.dattu.Project.Automations.Tc001 -->
