<?xml version="1.0" encoding="UTF-8"?>
<!-- Generated by org.testng.reporters.JUnitReportReporter -->
<testsuite hostname="dattu-PC" name="com.dattu.Project.Automations.MultiDropdowns" tests="1" failures="0" timestamp="20 Jul 2018 12:44:17 GMT" time="0.334" errors="0">
  <testcase name="test" time="0.334" classname="com.dattu.Project.Automations.MultiDropdowns"/>
</testsuite> <!-- com.dattu.Project.Automations.MultiDropdowns -->
