<?xml version="1.0" encoding="UTF-8"?>
<!-- Generated by org.testng.reporters.JUnitReportReporter -->
<testsuite hostname="dattu-PC" name="com.dattu.Project.Automations.Test1" tests="2" failures="0" timestamp="29 Sep 2018 13:11:46 GMT" time="28.243" errors="0">
  <testcase name="test1" time="10.451" classname="com.dattu.Project.Automations.Test1"/>
  <testcase name="test" time="17.792" classname="com.dattu.Project.Automations.Test1"/>
</testsuite> <!-- com.dattu.Project.Automations.Test1 -->
