<?xml version="1.0" encoding="UTF-8"?>
<!-- Generated by org.testng.reporters.JUnitReportReporter -->
<testsuite hostname="dattu-PC" name="com.dattu.Project.Automations.NewToures" tests="1" failures="0" timestamp="5 Oct 2018 07:38:26 GMT" time="20.516" errors="0">
  <testcase name="test" time="20.516" classname="com.dattu.Project.Automations.NewToures"/>
</testsuite> <!-- com.dattu.Project.Automations.NewToures -->
