<?xml version="1.0" encoding="UTF-8"?>
<!-- Generated by org.testng.reporters.JUnitReportReporter -->
<testsuite hostname="dattu-PC" name="com.dattu.Project.Automations.chechboxes" tests="1" failures="0" timestamp="20 Jul 2018 12:44:17 GMT" time="20.218" errors="0">
  <testcase name="test" time="20.218" classname="com.dattu.Project.Automations.chechboxes"/>
</testsuite> <!-- com.dattu.Project.Automations.chechboxes -->
